[debug] [2020-02-10T16:14:56.443Z] ----------------------------------------------------------------------
[debug] [2020-02-10T16:14:56.452Z] Command:       /usr/local/bin/node /usr/bin/firebase serve --only functions
[debug] [2020-02-10T16:14:56.453Z] CLI Version:   7.12.1
[debug] [2020-02-10T16:14:56.453Z] Platform:      linux
[debug] [2020-02-10T16:14:56.453Z] Node Version:  v8.13.0
[debug] [2020-02-10T16:14:56.453Z] Time:          Mon Feb 10 2020 11:14:56 GMT-0500 (-05)
[debug] [2020-02-10T16:14:56.453Z] ----------------------------------------------------------------------
[debug] [2020-02-10T16:14:56.453Z] 
[debug] [2020-02-10T16:14:56.531Z] > command requires scopes: ["email","openid","https://www.googleapis.com/auth/cloudplatformprojects.readonly","https://www.googleapis.com/auth/firebase","https://www.googleapis.com/auth/cloud-platform"]
[debug] [2020-02-10T16:14:56.533Z] > authorizing via signed-in user
[debug] [2020-02-10T16:14:56.534Z] [iam] checking project instacool-96942 for permissions ["firebase.projects.get"]
[debug] [2020-02-10T16:14:56.541Z] >>> HTTP REQUEST POST https://cloudresourcemanager.googleapis.com/v1/projects/instacool-96942:testIamPermissions  

[debug] [2020-02-10T16:14:57.610Z] <<< HTTP RESPONSE 200
[debug] [2020-02-10T16:14:57.621Z] >>> HTTP REQUEST GET https://firebase.googleapis.com/v1beta1/projects/instacool-96942  
 
[debug] [2020-02-10T16:14:58.171Z] <<< HTTP RESPONSE 200
[info] ✔  functions: Using node@8 from host.
[info] ✔  functions: Emulator started at http://localhost:5000
[info] i  functions: Watching "/home/duvg/rcprojects/instacool/functions" for Cloud Functions...
[debug] [2020-02-10T16:14:58.552Z] [worker-pool] addWorker(~diagnostic~)
[debug] [2020-02-10T16:14:58.553Z] [worker-pool] Adding worker with key ~diagnostic~, total=1
[debug] [2020-02-10T16:14:58.554Z] [worker-pool] submitWork(triggerId=)
[debug] [2020-02-10T16:14:58.558Z] [worker-~diagnostic~-a8373261-4ae5-4407-b626-cb1feb848663]: Assigning socketPath: /tmp/fire_emu_8920.sock
[debug] [2020-02-10T16:14:58.559Z] [worker-~diagnostic~-a8373261-4ae5-4407-b626-cb1feb848663]: BUSY
[debug] [2020-02-10T16:14:59.362Z] [runtime-status] [8920] Functions runtime initialized. {"cwd":"/home/duvg/rcprojects/instacool/functions","node_version":"8.13.0"}
[debug] [2020-02-10T16:14:59.369Z] [runtime-status] [8920] Disabled runtime features: {"functions_config_helper":true,"network_filtering":true,"timeout":true,"memory_limiting":true,"admin_stubs":true,"pubsub_emulator":true}
[debug] [2020-02-10T16:14:59.374Z] [runtime-status] [8920] Resolved module firebase-admin {"declared":true,"installed":true,"version":"8.9.2","resolution":"/home/duvg/rcprojects/instacool/functions/node_modules/firebase-admin/lib/index.js"}
[debug] [2020-02-10T16:14:59.374Z] [runtime-status] [8920] Resolved module firebase-functions {"declared":true,"installed":true,"version":"3.3.0","resolution":"/home/duvg/rcprojects/instacool/functions/node_modules/firebase-functions/lib/index.js"}
[warn] ⚠  functions: Your GOOGLE_APPLICATION_CREDENTIALS environment variable points to key.json. Non-emulated services will access production using these credentials. Be careful!
[debug] [2020-02-10T16:14:59.386Z] [runtime-status] [8920] Resolved module firebase-functions {"declared":true,"installed":true,"version":"3.3.0","resolution":"/home/duvg/rcprojects/instacool/functions/node_modules/firebase-functions/lib/index.js"}
[info] ✔  functions[api]: http function initialized (http://localhost:5000/instacool-96942/us-central1/api).
[debug] [2020-02-10T16:15:07.197Z] [worker-~diagnostic~-a8373261-4ae5-4407-b626-cb1feb848663]: IDLE
